
> syncflo-ai-admin@0.1.0 build
> next build

[baseline-browser-mapping] The data in this module is over two months old.  To ensure accurate Baseline data, please update: `npm i baseline-browser-mapping@latest -D`
 ⚠ Warning: Next.js inferred your workspace root, but it may not be correct.
 We detected multiple lockfiles and selected the directory of C:\Users\Apurva\package-lock.json as the root directory.
 To silence this warning, set `turbopack.root` in your Next.js config, or consider removing one of the lockfiles if it's not needed.
   See https://nextjs.org/docs/app/api-reference/config/next-config-js/turbopack#root-directory for more information.
 Detected additional lockfiles: 
   * C:\Users\Apurva\Desktop\syncflo_dashboard\syncflo-ai-admin\package-lock.json

   ▲ Next.js 16.0.3 (Turbopack)
   - Environments: .env.local

   Creating an optimized production build ...
[baseline-browser-mapping] The data in this module is over two months old.  To ensure accurate Baseline data, please update: `npm i baseline-browser-mapping@latest -D`
 ✓ Compiled successfully in 11.7s
   Running TypeScript ...
Failed to compile.

./src/components/dashboard/sidebar.tsx:46:60
Type error: Cannot find name 'MessageSquare'.

[0m [90m 44 |[39m   { name[33m:[39m [32m'Support'[39m[33m,[39m type[33m:[39m [32m'group'[39m }[33m,[39m
 [90m 45 |[39m   { name[33m:[39m [32m'Support Tickets'[39m[33m,[39m href[33m:[39m [32m'/dashboard/support-tickets'[39m[33m,[39m icon[33m:[39m [33mHelpCircle[39m[33m,[39m type[33m:[39m [32m'single'[39m }[33m,[39m
[31m[1m>[22m[39m[90m 46 |[39m   { name[33m:[39m [32m'Inquiries'[39m[33m,[39m href[33m:[39m [32m'/dashboard/inquiries'[39m[33m,[39m icon[33m:[39m [33mMessageSquare[39m[33m,[39m type[33m:[39m [32m'single'[39m }[33m,[39m
 [90m    |[39m                                                            [31m[1m^[22m[39m
 [90m 47 |[39m
 [90m 48 |[39m   [90m// System[39m
 [90m 49 |[39m   { name[33m:[39m [32m'System'[39m[33m,[39m type[33m:[39m [32m'group'[39m }[33m,[39m[0m
Next.js build worker exited with code: 1 and signal: null
